<testsuites id="" name="" tests="10" failures="0" skipped="0" errors="0" time="66.292068">
<testsuite name="auth.spec.ts" timestamp="2026-02-23T18:46:51.799Z" hostname="chromium" tests="3" failures="0" skipped="0" time="5.434" errors="0">
<testcase name="Public Access E2E Tests › renders call actions page for guests" classname="auth.spec.ts" time="2.216">
</testcase>
<testcase name="Public Access E2E Tests › redirects /login to public flow when guest access is enabled" classname="auth.spec.ts" time="1.694">
</testcase>
<testcase name="Public Access E2E Tests › shows admin login form on /admin/login" classname="auth.spec.ts" time="1.524">
</testcase>
</testsuite>
<testsuite name="multi-user.spec.ts" timestamp="2026-02-23T18:46:51.799Z" hostname="chromium" tests="2" failures="0" skipped="0" time="12.783" errors="0">
<testcase name="Multi-User Video Call E2E Tests › should allow two participants to join the same room" classname="multi-user.spec.ts" time="8.246">
</testcase>
<testcase name="Multi-User Video Call E2E Tests › should handle participant leaving the call" classname="multi-user.spec.ts" time="4.537">
</testcase>
</testsuite>
<testsuite name="video-call.spec.ts" timestamp="2026-02-23T18:46:51.799Z" hostname="chromium" tests="5" failures="0" skipped="0" time="46.147" errors="0">
<testcase name="Video Call E2E Tests › should create a new room and navigate to call page" classname="video-call.spec.ts" time="2.379">
</testcase>
<testcase name="Video Call E2E Tests › should open and close chat panel in call" classname="video-call.spec.ts" time="16.985">
</testcase>
<testcase name="Video Call E2E Tests › should send chat message from call chat" classname="video-call.spec.ts" time="11.262">
</testcase>
<testcase name="Video Call E2E Tests › should select file in chat composer" classname="video-call.spec.ts" time="13.026">
</testcase>
<testcase name="Video Call E2E Tests › should toggle microphone and camera buttons in call controls" classname="video-call.spec.ts" time="2.495">
</testcase>
</testsuite>
</testsuites>